[debug] ----------------------------------------------------------------------
[debug] Command:      C:\Program Files\nodejs\node.exe C:\Users\Hugues\AppData\Roaming\npm\node_modules\firebase-tools\bin\firebase serve
[debug] CLI Version:  3.7.0
[debug] Platform:     win32
[debug] Node Version: v6.10.2
[debug] Time:         Sat May 13 2017 23:20:53 GMT+0200 (Paris, Madrid (heure d’été))
[debug] ----------------------------------------------------------------------
[debug] 
[debug] > command requires scopes: ["email","openid","https://www.googleapis.com/auth/cloudplatformprojects.readonly","https://www.googleapis.com/auth/firebase","https://www.googleapis.com/auth/cloud-platform"]
[debug] > refreshing access token with scopes: ["email","https://www.googleapis.com/auth/cloud-platform","https://www.googleapis.com/auth/cloudplatformprojects.readonly","https://www.googleapis.com/auth/firebase","openid"]
[debug] >>> HTTP REQUEST POST https://www.googleapis.com/oauth2/v3/token { refresh_token: '1/_x-BK1lbYglMvYTuwC33Kvpx1RVyF86CXi1k5Q6fcLk',
  client_id: '563584335869-fgrhgmd47bqnekij5i8b5pr03ho849e6.apps.googleusercontent.com',
  client_secret: 'j9iVZfS8kkCEFUPaAeJV0sAi',
  grant_type: 'refresh_token',
  scope: 'email https://www.googleapis.com/auth/cloud-platform https://www.googleapis.com/auth/cloudplatformprojects.readonly https://www.googleapis.com/auth/firebase openid' } 
 Sat May 13 2017 23:20:53 GMT+0200 (Paris, Madrid (heure d’été))
[debug] <<< HTTP RESPONSE 200
[debug] >>> HTTP REQUEST GET https://admin.firebase.com/v1/projects/glam-afc14  
 Sat May 13 2017 23:20:53 GMT+0200 (Paris, Madrid (heure d’été))
[debug] <<< HTTP RESPONSE 200
[debug] >>> HTTP REQUEST GET https://admin.firebase.com/v1/database/glam-afc14/tokens  
 Sat May 13 2017 23:20:54 GMT+0200 (Paris, Madrid (heure d’été))
[debug] <<< HTTP RESPONSE 200
[info] Starting Firebase development server...
[info] 
[info] Project Directory: C:\Users\Hugues\Desktop\uza\quickstart-js-master\storage
[debug] >>> HTTP REQUEST GET https://cloudresourcemanager.googleapis.com/v1/projects/glam-afc14  
 Sat May 13 2017 23:20:55 GMT+0200 (Paris, Madrid (heure d’été))
[debug] <<< HTTP RESPONSE 200
[debug] >>> HTTP REQUEST GET https://mobilesdk-pa.googleapis.com/v1/projects/834449551276/clients/_:getWebAppConfig  
 Sat May 13 2017 23:20:56 GMT+0200 (Paris, Madrid (heure d’été))
[debug] <<< HTTP RESPONSE 200
[info] Public Directory: ./
[info] 
[info] Server listening at: http://localhost:5000
